0 info it worked if it ends with ok
1 verbose cli [ '/home/ubuntu/.nvm/v0.10.35/bin/node',
1 verbose cli   '/home/ubuntu/.nvm/v0.10.35/bin/npm',
1 verbose cli   'install',
1 verbose cli   'log4js-node' ]
2 info using npm@1.4.28
3 info using node@v0.10.35
4 warn package.json parse@1.4.2 No repository field.
5 warn package.json parse@1.4.2 No README data
6 verbose cache add [ 'log4js-node', null ]
7 verbose cache add name=undefined spec="log4js-node" args=["log4js-node",null]
8 verbose parsed url { protocol: null,
8 verbose parsed url   slashes: null,
8 verbose parsed url   auth: null,
8 verbose parsed url   host: null,
8 verbose parsed url   port: null,
8 verbose parsed url   hostname: null,
8 verbose parsed url   hash: null,
8 verbose parsed url   search: null,
8 verbose parsed url   query: null,
8 verbose parsed url   pathname: 'log4js-node',
8 verbose parsed url   path: 'log4js-node',
8 verbose parsed url   href: 'log4js-node' }
9 silly lockFile a8a562ae-log4js-node log4js-node
10 verbose lock log4js-node /home/ubuntu/.npm/a8a562ae-log4js-node.lock
11 silly lockFile a8a562ae-log4js-node log4js-node
12 silly lockFile a8a562ae-log4js-node log4js-node
13 verbose addNamed [ 'log4js-node', '' ]
14 verbose addNamed [ null, '*' ]
15 silly lockFile 166d86d8-log4js-node log4js-node@
16 verbose lock log4js-node@ /home/ubuntu/.npm/166d86d8-log4js-node.lock
17 silly addNameRange { name: 'log4js-node', range: '*', hasData: false }
18 verbose request where is /log4js-node
19 verbose request registry https://registry.npmjs.org/
20 verbose request id 250081307910180a
21 verbose url raw /log4js-node
22 verbose url resolving [ 'https://registry.npmjs.org/', './log4js-node' ]
23 verbose url resolved https://registry.npmjs.org/log4js-node
24 verbose request where is https://registry.npmjs.org/log4js-node
25 info trying registry request attempt 1 at 14:34:26
26 http GET https://registry.npmjs.org/log4js-node
27 http 404 https://registry.npmjs.org/log4js-node
28 verbose headers { server: 'CouchDB/1.5.0 (Erlang OTP/R16B03)',
28 verbose headers   'content-type': 'application/json',
28 verbose headers   'cache-control': 'max-age=0',
28 verbose headers   'content-length': '51',
28 verbose headers   'accept-ranges': 'bytes',
28 verbose headers   date: 'Mon, 13 Jul 2015 14:34:26 GMT',
28 verbose headers   via: '1.1 varnish',
28 verbose headers   age: '0',
28 verbose headers   connection: 'keep-alive',
28 verbose headers   'x-served-by': 'cache-ord1723-ORD',
28 verbose headers   'x-cache': 'MISS',
28 verbose headers   'x-cache-hits': '0',
28 verbose headers   'x-timer': 'S1436798066.637256,VS0,VE50' }
29 silly registry.get cb [ 404,
29 silly registry.get   { server: 'CouchDB/1.5.0 (Erlang OTP/R16B03)',
29 silly registry.get     'content-type': 'application/json',
29 silly registry.get     'cache-control': 'max-age=0',
29 silly registry.get     'content-length': '51',
29 silly registry.get     'accept-ranges': 'bytes',
29 silly registry.get     date: 'Mon, 13 Jul 2015 14:34:26 GMT',
29 silly registry.get     via: '1.1 varnish',
29 silly registry.get     age: '0',
29 silly registry.get     connection: 'keep-alive',
29 silly registry.get     'x-served-by': 'cache-ord1723-ORD',
29 silly registry.get     'x-cache': 'MISS',
29 silly registry.get     'x-cache-hits': '0',
29 silly registry.get     'x-timer': 'S1436798066.637256,VS0,VE50' } ]
30 silly lockFile 166d86d8-log4js-node log4js-node@
31 silly lockFile 166d86d8-log4js-node log4js-node@
32 error 404 404 Not Found: log4js-node
32 error 404
32 error 404 'log4js-node' is not in the npm registry.
32 error 404 You should bug the author to publish it
32 error 404
32 error 404 Note that you can also install from a
32 error 404 tarball, folder, or http url, or git url.
33 error System Linux 3.14.13-c9
34 error command "/home/ubuntu/.nvm/v0.10.35/bin/node" "/home/ubuntu/.nvm/v0.10.35/bin/npm" "install" "log4js-node"
35 error cwd /home/ubuntu/workspace
36 error node -v v0.10.35
37 error npm -v 1.4.28
38 error code E404
39 verbose exit [ 1, true ]
